Using pre-set license
Built from '2021.1/staging' branch; Version is '2021.1.15f1 (e767a7370072) revision 15165351'; Using compiler version '192528614'; Build Type 'Release'
OS: 'Windows 10 Home; OS build 19042.1348; Version 2009; 64bit' Language: 'en' Physical Memory: 16111 MB
BatchMode: 1, IsHumanControllingUs: 0, StartBugReporterOnCrash: 0, Is64bit: 1, IsPro: 0

 COMMAND LINE ARGUMENTS:
C:\Program Files\Unity\Hub\Editor\2021.1.15f1\Editor\Unity.exe
-adb2
-batchMode
-noUpm
-name
AssetImportWorker225
-projectPath
C:/Users/aaron/Quest for Glory
-logFile
Logs/AssetImportWorker225.log
-srvPort
58750
Successfully changed project path to: C:/Users/aaron/Quest for Glory
C:/Users/aaron/Quest for Glory
Using Asset Import Pipeline V2.
Assertion failed on expression: 'm_ErrorCode == MDB_MAP_RESIZED || !HasAbortingErrors()'

received signal from system: SIGSEGV
Stack trace:
0x00007ff776c2b2ec (Unity) StackWalker::GetCurrentCallstack
0x00007ff776c31489 (Unity) StackWalker::ShowCallstack
0x00007ff777426bb3 (Unity) GetStacktrace
0x00007ff776c2a9d0 (Unity) winutils::CrashHandler::DefaultSignalHandler
0x00007ff778fb877e (Unity) seh_filter_exe
0x00007ff77908120d (Unity) `__scrt_common_main_seh'::`1'::filt$0
0x00007ff778f85658 (Unity) _C_specific_handler
0x00007ffeee7320cf (ntdll) _chkstk
0x00007ffeee6e1454 (ntdll) RtlRaiseException
0x00007ffeee730bfe (ntdll) KiUserExceptionDispatcher
0x00007ff7775512ab (Unity) SourceAssetDBReadTxn::SourceAssetDBReadTxn
0x00007ff77751f546 (Unity) SyncAssetFoldersWithDB
0x00007ff77750e74d (Unity) InitializeAssetDatabaseV2
0x00007ff7774ac705 (Unity) AssetDatabase::InitializeAssetDatabase
0x00007ff77701f9a0 (Unity) Application::InitializeProject
0x00007ff777430257 (Unity) WinMain
0x00007ff778f62e92 (Unity) __scrt_common_main_seh
0x00007ffeecd97034 (KERNEL32) BaseThreadInitThunk
0x00007ffeee6e2651 (ntdll) RtlUserThreadStart

